{
  "RSpec": {
    "coverage": {
      "/Users/yainporter/turing_work/3mod/projects/market_money_fe/app/facades/money_market_facade.rb": {
        "lines": [
          1,
          1,
          7,
          7,
          null,
          null,
          1,
          3,
          2538,
          null,
          null,
          null,
          1,
          11,
          11,
          null,
          null,
          1,
          3,
          null,
          3,
          42,
          null,
          null,
          null
        ]
      },
      "/Users/yainporter/turing_work/3mod/projects/market_money_fe/spec/features/markets/index_spec.rb": {
        "lines": [
          1,
          null,
          1,
          1,
          2,
          null,
          null,
          1,
          1,
          1,
          1,
          null,
          1,
          1,
          1,
          1,
          1,
          1,
          null,
          1,
          847,
          null,
          null,
          null,
          null,
          1,
          1,
          1,
          1,
          1,
          1,
          1,
          1,
          1,
          null,
          1,
          1,
          1,
          1,
          null,
          null,
          null,
          null,
          null
        ]
      },
      "/Users/yainporter/turing_work/3mod/projects/market_money_fe/spec/features/markets/show_spec.rb": {
        "lines": [
          1,
          null,
          1,
          1,
          1,
          null,
          null,
          1,
          1,
          1,
          null,
          null,
          null
        ]
      },
      "/Users/yainporter/turing_work/3mod/projects/market_money_fe/spec/poros/market_spec.rb": {
        "lines": [
          1,
          null,
          1,
          1,
          null,
          null,
          null,
          1,
          1,
          null,
          1,
          null,
          null,
          null,
          null,
          null,
          null,
          null,
          null,
          null,
          null,
          null,
          null,
          null,
          null,
          1,
          null,
          1,
          1,
          1,
          1,
          1,
          1,
          1,
          1,
          1,
          1,
          1,
          null,
          null,
          null
        ]
      },
      "/Users/yainporter/turing_work/3mod/projects/market_money_fe/app/poros/market.rb": {
        "lines": [
          1,
          1,
          null,
          null,
          null,
          null,
          null,
          null,
          null,
          null,
          null,
          null,
          1,
          2550,
          2550,
          2550,
          2550,
          2550,
          2550,
          2550,
          2550,
          2550,
          2550,
          null,
          null
        ]
      },
      "/Users/yainporter/turing_work/3mod/projects/market_money_fe/spec/poros/vendor_spec.rb": {
        "lines": [
          1,
          null,
          1,
          1,
          null,
          1,
          null,
          null,
          null,
          null,
          null,
          null,
          null,
          null,
          null,
          null,
          null,
          1,
          1,
          1,
          null,
          1,
          1,
          1,
          1,
          1,
          1,
          1,
          null,
          null,
          null
        ]
      },
      "/Users/yainporter/turing_work/3mod/projects/market_money_fe/app/poros/vendor.rb": {
        "lines": [
          1,
          1,
          null,
          null,
          null,
          null,
          null,
          null,
          1,
          43,
          43,
          43,
          43,
          43,
          43,
          null,
          null
        ]
      },
      "/Users/yainporter/turing_work/3mod/projects/market_money_fe/spec/services/money_market_service_spec.rb": {
        "lines": [
          1,
          null,
          1,
          1,
          1,
          2,
          2,
          null,
          null,
          1,
          1,
          1,
          1,
          1,
          1,
          null,
          1,
          null,
          null,
          1,
          846,
          846,
          846,
          846,
          846,
          846,
          null,
          846,
          846,
          846,
          846,
          null,
          846,
          5076,
          183,
          null,
          4893,
          null,
          null,
          null,
          846,
          846,
          846,
          846,
          846,
          846,
          null,
          null,
          null,
          null,
          1,
          1,
          1,
          null,
          1,
          1,
          null,
          1,
          null,
          1,
          1,
          1,
          1,
          1,
          1,
          null,
          null,
          null,
          null,
          1,
          1,
          1,
          1,
          null,
          null,
          1,
          1,
          1,
          null,
          1,
          1,
          1,
          null,
          1,
          1,
          1,
          null,
          null,
          null,
          null,
          null
        ]
      },
      "/Users/yainporter/turing_work/3mod/projects/market_money_fe/app/services/money_market_service.rb": {
        "lines": [
          1,
          null,
          1,
          20,
          null,
          null,
          1,
          20,
          20,
          null,
          null,
          1,
          4,
          null,
          null,
          1,
          4,
          null,
          null,
          1,
          12,
          null,
          null
        ]
      },
      "/Users/yainporter/turing_work/3mod/projects/market_money_fe/app/controllers/markets_controller.rb": {
        "lines": [
          1,
          1,
          2,
          null,
          null,
          1,
          2,
          null,
          null
        ]
      },
      "/Users/yainporter/turing_work/3mod/projects/market_money_fe/app/controllers/application_controller.rb": {
        "lines": [
          1,
          null
        ]
      }
    },
    "timestamp": 1712246573
  }
}
